panic: runtime error: index out of range [1745] with length 256

goroutine 1 [running]:
github.com/btcsuite/btcutil/base58.Decode(0xc0000c7e68, 0x2, 0xc00002a9b0, 0x1055e10, 0x1868d20)
	/Users/igorgaydaenko/go/pkg/mod/github.com/btcsuite/btcutil@v1.0.3-0.20201208143702-a53e38424cce/base58/base58.go:58 +0x57f
github.com/btcsuite/btcutil/base58.CheckDecode(0xc0000c7e68, 0x2, 0xf, 0xc0000c7b08, 0x10528be, 0xc00002a9b9, 0x16805fc, 0x6)
	/Users/igorgaydaenko/go/pkg/mod/github.com/btcsuite/btcutil@v1.0.3-0.20201208143702-a53e38424cce/base58/base58check.go:39 +0x57
storj.io/common/macaroon.ParseAPIKey(0xc0000c7e68, 0x2, 0xf, 0x6, 0x6)
	/Users/igorgaydaenko/go/pkg/mod/storj.io/common@v0.0.0-20210708125041-4882a3ae3eda/macaroon/apikey.go:74 +0x4f
storj.io/uplink.Config.requestAccessWithPassphraseAndConcurrency(0x0, 0x0, 0x0, 0x0, 0x0, 0x0, 0x0, 0x15fac50, 0xc00002a090, 0xc00002a9a8, ...)
	/Users/igorgaydaenko/work/uplink/access.go:156 +0xa8
storj.io/uplink.Config.RequestAccessWithPassphrase(0x0, 0x0, 0x0, 0x0, 0x0, 0x0, 0x0, 0x15fac50, 0xc00002a090, 0xc00002a9a8, ...)
	/Users/igorgaydaenko/work/uplink/access.go:148 +0xec
storj.io/uplink.RequestAccessWithPassphrase(...)
	/Users/igorgaydaenko/work/uplink/access.go:137
storj.io/uplink.Fuzz(0x9a10000, 0x2, 0x2, 0x4)
	/Users/igorgaydaenko/work/uplink/fuzz.go:7 +0x1bd
go-fuzz-dep.Main(0xc0000c7f70, 0x1, 0x1)
	go-fuzz-dep/main.go:36 +0x1b8
main.main()
	storj.io/uplink/go.fuzz.main/main.go:15 +0x52
exit status 2